\BOOKMARK [1][-]{Doc-Start}{Abbildungsverzeichnis}{}% 1
\BOOKMARK [1][-]{Doc-Start}{Tabellenverzeichnis}{}% 2
\BOOKMARK [1][-]{Doc-Start}{Abkürzungsverzeichnis}{}% 3
\BOOKMARK [1][-]{section.1}{Introduction}{}% 4
\BOOKMARK [1][-]{section.2}{Previous\040Work}{}% 5
\BOOKMARK [1][-]{section.3}{Medical\040Knowledge}{}% 6
\BOOKMARK [1][-]{section.4}{Material\040and\040Methods}{}% 7
\BOOKMARK [2][-]{subsection.4.1}{Network\040Architecture}{section.4}% 8
\BOOKMARK [2][-]{subsection.4.2}{Dataloading}{section.4}% 9
\BOOKMARK [2][-]{subsection.4.3}{Network\040Input\040&\040Output}{section.4}% 10
\BOOKMARK [3][-]{subsubsection.4.3.1}{Network\040Input}{subsection.4.3}% 11
\BOOKMARK [3][-]{subsubsection.4.3.2}{Network\040Output}{subsection.4.3}% 12
\BOOKMARK [2][-]{subsection.4.4}{Training\040Data\040Generation}{section.4}% 13
\BOOKMARK [2][-]{subsection.4.5}{Evaluation\040Metrics}{section.4}% 14
\BOOKMARK [2][-]{subsection.4.6}{Hypotheses\040and\040Experiments}{section.4}% 15
\BOOKMARK [3][-]{subsubsection.4.6.1}{General\040Applicability}{subsection.4.6}% 16
\BOOKMARK [3][-]{subsubsection.4.6.2}{Poor\040Initial\040Translatability}{subsection.4.6}% 17
\BOOKMARK [3][-]{subsubsection.4.6.3}{Increased\040Robustness}{subsection.4.6}% 18
\BOOKMARK [3][-]{subsubsection.4.6.4}{Underlying\040Physics}{subsection.4.6}% 19
\BOOKMARK [2][-]{subsection.4.7}{Patient\040Data}{section.4}% 20
\BOOKMARK [1][-]{section.5}{Results}{}% 21
\BOOKMARK [2][-]{subsection.5.1}{These\0401\040/\040Experiment\0401}{section.5}% 22
\BOOKMARK [2][-]{subsection.5.2}{These\0402\040/\040Experiment\0402}{section.5}% 23
\BOOKMARK [2][-]{subsection.5.3}{These\0403\040/\040Experiment\0403}{section.5}% 24
\BOOKMARK [2][-]{subsection.5.4}{These\0404\040/\040Experiment\0404}{section.5}% 25
\BOOKMARK [1][-]{section.6}{Discussion}{}% 26
\BOOKMARK [1][-]{section.7}{Aknowledgement}{}% 27
\BOOKMARK [1][-]{section.7}{Apendix}{}% 28
